  InputProcessor.cpp
C:\Users\Aikeck\Desktop\GitHub_project\Zark-Rogue\Zark-Rogue\Scene.h(7,10): warning C4067: 预处理器指令后有意外标记 - 应输入换行符
C:\Users\Aikeck\Desktop\GitHub_project\Zark-Rogue\Zark-Rogue\Scene.h(8,10): warning C4067: 预处理器指令后有意外标记 - 应输入换行符
C:\Users\Aikeck\Desktop\GitHub_project\Zark-Rogue\Zark-Rogue\creature.h(4,10): warning C4067: 预处理器指令后有意外标记 - 应输入换行符
C:\Users\Aikeck\Desktop\GitHub_project\Zark-Rogue\Zark-Rogue\Scene.h(9,10): warning C4067: 预处理器指令后有意外标记 - 应输入换行符
C:\Users\Aikeck\Desktop\GitHub_project\Zark-Rogue\Zark-Rogue\Scene.h(10,10): warning C4067: 预处理器指令后有意外标记 - 应输入换行符
C:\Users\Aikeck\Desktop\GitHub_project\Zark-Rogue\Zark-Rogue\Weapon.h(4,10): warning C4067: 预处理器指令后有意外标记 - 应输入换行符
C:\Users\Aikeck\Desktop\GitHub_project\Zark-Rogue\Zark-Rogue\Weapon.h(5,10): warning C4067: 预处理器指令后有意外标记 - 应输入换行符
C:\Users\Aikeck\Desktop\GitHub_project\Zark-Rogue\Zark-Rogue\Inventory.h(6,10): warning C4067: 预处理器指令后有意外标记 - 应输入换行符
C:\Users\Aikeck\Desktop\GitHub_project\Zark-Rogue\Zark-Rogue\Inventory.h(7,10): warning C4067: 预处理器指令后有意外标记 - 应输入换行符
C:\Users\Aikeck\Desktop\GitHub_project\Zark-Rogue\Zark-Rogue\Inventory.h(8,10): warning C4067: 预处理器指令后有意外标记 - 应输入换行符
C:\Users\Aikeck\Desktop\GitHub_project\Zark-Rogue\Zark-Rogue\Inventory.h(9,10): warning C4067: 预处理器指令后有意外标记 - 应输入换行符
C:\Users\Aikeck\Desktop\GitHub_project\Zark-Rogue\Zark-Rogue\Inventory.h(10,10): warning C4067: 预处理器指令后有意外标记 - 应输入换行符
C:\Users\Aikeck\Desktop\GitHub_project\Zark-Rogue\Zark-Rogue\InputProcessor.cpp(15,31): warning C4018: “<”: 有符号/无符号不匹配
C:\Users\Aikeck\Desktop\GitHub_project\Zark-Rogue\Zark-Rogue\InputProcessor.cpp(55,27): warning C4018: “<”: 有符号/无符号不匹配
C:\Users\Aikeck\Desktop\GitHub_project\Zark-Rogue\Zark-Rogue\InputProcessor.cpp(298,27): warning C4018: “<”: 有符号/无符号不匹配
  Inventory.cpp
C:\Users\Aikeck\Desktop\GitHub_project\Zark-Rogue\Zark-Rogue\Inventory.h(6,10): warning C4067: 预处理器指令后有意外标记 - 应输入换行符
C:\Users\Aikeck\Desktop\GitHub_project\Zark-Rogue\Zark-Rogue\Inventory.h(7,10): warning C4067: 预处理器指令后有意外标记 - 应输入换行符
C:\Users\Aikeck\Desktop\GitHub_project\Zark-Rogue\Zark-Rogue\creature.h(4,10): warning C4067: 预处理器指令后有意外标记 - 应输入换行符
C:\Users\Aikeck\Desktop\GitHub_project\Zark-Rogue\Zark-Rogue\Inventory.h(8,10): warning C4067: 预处理器指令后有意外标记 - 应输入换行符
C:\Users\Aikeck\Desktop\GitHub_project\Zark-Rogue\Zark-Rogue\Scene.h(7,10): warning C4067: 预处理器指令后有意外标记 - 应输入换行符
C:\Users\Aikeck\Desktop\GitHub_project\Zark-Rogue\Zark-Rogue\Scene.h(8,10): warning C4067: 预处理器指令后有意外标记 - 应输入换行符
C:\Users\Aikeck\Desktop\GitHub_project\Zark-Rogue\Zark-Rogue\Scene.h(9,10): warning C4067: 预处理器指令后有意外标记 - 应输入换行符
C:\Users\Aikeck\Desktop\GitHub_project\Zark-Rogue\Zark-Rogue\Scene.h(10,10): warning C4067: 预处理器指令后有意外标记 - 应输入换行符
C:\Users\Aikeck\Desktop\GitHub_project\Zark-Rogue\Zark-Rogue\Weapon.h(4,10): warning C4067: 预处理器指令后有意外标记 - 应输入换行符
C:\Users\Aikeck\Desktop\GitHub_project\Zark-Rogue\Zark-Rogue\Weapon.h(5,10): warning C4067: 预处理器指令后有意外标记 - 应输入换行符
C:\Users\Aikeck\Desktop\GitHub_project\Zark-Rogue\Zark-Rogue\Inventory.h(9,10): warning C4067: 预处理器指令后有意外标记 - 应输入换行符
C:\Users\Aikeck\Desktop\GitHub_project\Zark-Rogue\Zark-Rogue\Inventory.h(10,10): warning C4067: 预处理器指令后有意外标记 - 应输入换行符
C:\Users\Aikeck\Desktop\GitHub_project\Zark-Rogue\Zark-Rogue\Inventory.cpp(14,23): warning C4018: “<”: 有符号/无符号不匹配
C:\Users\Aikeck\Desktop\GitHub_project\Zark-Rogue\Zark-Rogue\Inventory.cpp(18,23): warning C4018: “<”: 有符号/无符号不匹配
C:\Users\Aikeck\Desktop\GitHub_project\Zark-Rogue\Zark-Rogue\Inventory.cpp(59,23): warning C4018: “<”: 有符号/无符号不匹配
C:\Users\Aikeck\Desktop\GitHub_project\Zark-Rogue\Zark-Rogue\Inventory.cpp(72,23): warning C4018: “<”: 有符号/无符号不匹配
C:\Users\Aikeck\Desktop\GitHub_project\Zark-Rogue\Zark-Rogue\Inventory.cpp(90,23): warning C4018: “<”: 有符号/无符号不匹配
C:\Users\Aikeck\Desktop\GitHub_project\Zark-Rogue\Zark-Rogue\Inventory.cpp(105,23): warning C4018: “<”: 有符号/无符号不匹配
  main.cpp
C:\Users\Aikeck\Desktop\GitHub_project\Zark-Rogue\Zark-Rogue\Inventory.h(6,10): warning C4067: 预处理器指令后有意外标记 - 应输入换行符
C:\Users\Aikeck\Desktop\GitHub_project\Zark-Rogue\Zark-Rogue\Inventory.h(7,10): warning C4067: 预处理器指令后有意外标记 - 应输入换行符
C:\Users\Aikeck\Desktop\GitHub_project\Zark-Rogue\Zark-Rogue\creature.h(4,10): warning C4067: 预处理器指令后有意外标记 - 应输入换行符
C:\Users\Aikeck\Desktop\GitHub_project\Zark-Rogue\Zark-Rogue\Inventory.h(8,10): warning C4067: 预处理器指令后有意外标记 - 应输入换行符
C:\Users\Aikeck\Desktop\GitHub_project\Zark-Rogue\Zark-Rogue\Scene.h(7,10): warning C4067: 预处理器指令后有意外标记 - 应输入换行符
C:\Users\Aikeck\Desktop\GitHub_project\Zark-Rogue\Zark-Rogue\Scene.h(8,10): warning C4067: 预处理器指令后有意外标记 - 应输入换行符
C:\Users\Aikeck\Desktop\GitHub_project\Zark-Rogue\Zark-Rogue\Scene.h(9,10): warning C4067: 预处理器指令后有意外标记 - 应输入换行符
C:\Users\Aikeck\Desktop\GitHub_project\Zark-Rogue\Zark-Rogue\Scene.h(10,10): warning C4067: 预处理器指令后有意外标记 - 应输入换行符
C:\Users\Aikeck\Desktop\GitHub_project\Zark-Rogue\Zark-Rogue\Weapon.h(4,10): warning C4067: 预处理器指令后有意外标记 - 应输入换行符
C:\Users\Aikeck\Desktop\GitHub_project\Zark-Rogue\Zark-Rogue\Weapon.h(5,10): warning C4067: 预处理器指令后有意外标记 - 应输入换行符
C:\Users\Aikeck\Desktop\GitHub_project\Zark-Rogue\Zark-Rogue\Inventory.h(9,10): warning C4067: 预处理器指令后有意外标记 - 应输入换行符
C:\Users\Aikeck\Desktop\GitHub_project\Zark-Rogue\Zark-Rogue\Inventory.h(10,10): warning C4067: 预处理器指令后有意外标记 - 应输入换行符
  Scene.cpp
C:\Users\Aikeck\Desktop\GitHub_project\Zark-Rogue\Zark-Rogue\Scene.h(7,10): warning C4067: 预处理器指令后有意外标记 - 应输入换行符
C:\Users\Aikeck\Desktop\GitHub_project\Zark-Rogue\Zark-Rogue\Scene.h(8,10): warning C4067: 预处理器指令后有意外标记 - 应输入换行符
C:\Users\Aikeck\Desktop\GitHub_project\Zark-Rogue\Zark-Rogue\creature.h(4,10): warning C4067: 预处理器指令后有意外标记 - 应输入换行符
C:\Users\Aikeck\Desktop\GitHub_project\Zark-Rogue\Zark-Rogue\Scene.h(9,10): warning C4067: 预处理器指令后有意外标记 - 应输入换行符
C:\Users\Aikeck\Desktop\GitHub_project\Zark-Rogue\Zark-Rogue\Scene.h(10,10): warning C4067: 预处理器指令后有意外标记 - 应输入换行符
C:\Users\Aikeck\Desktop\GitHub_project\Zark-Rogue\Zark-Rogue\Weapon.h(4,10): warning C4067: 预处理器指令后有意外标记 - 应输入换行符
C:\Users\Aikeck\Desktop\GitHub_project\Zark-Rogue\Zark-Rogue\Weapon.h(5,10): warning C4067: 预处理器指令后有意外标记 - 应输入换行符
C:\Users\Aikeck\Desktop\GitHub_project\Zark-Rogue\Zark-Rogue\Scene.cpp(16,23): warning C4018: “<”: 有符号/无符号不匹配
C:\Users\Aikeck\Desktop\GitHub_project\Zark-Rogue\Zark-Rogue\Scene.cpp(20,23): warning C4018: “<”: 有符号/无符号不匹配
C:\Users\Aikeck\Desktop\GitHub_project\Zark-Rogue\Zark-Rogue\Scene.cpp(103,23): warning C4018: “<”: 有符号/无符号不匹配
C:\Users\Aikeck\Desktop\GitHub_project\Zark-Rogue\Zark-Rogue\Scene.cpp(111,23): warning C4018: “<”: 有符号/无符号不匹配
C:\Users\Aikeck\Desktop\GitHub_project\Zark-Rogue\Zark-Rogue\Scene.cpp(118,23): warning C4018: “<”: 有符号/无符号不匹配
C:\Users\Aikeck\Desktop\GitHub_project\Zark-Rogue\Zark-Rogue\Scene.cpp(132,23): warning C4018: “<”: 有符号/无符号不匹配
C:\Users\Aikeck\Desktop\GitHub_project\Zark-Rogue\Zark-Rogue\Scene.cpp(145,23): warning C4018: “<”: 有符号/无符号不匹配
C:\Users\Aikeck\Desktop\GitHub_project\Zark-Rogue\Zark-Rogue\Scene.cpp(158,23): warning C4018: “<”: 有符号/无符号不匹配
  World.cpp
C:\Users\Aikeck\Desktop\GitHub_project\Zark-Rogue\Zark-Rogue\Inventory.h(6,10): warning C4067: 预处理器指令后有意外标记 - 应输入换行符
C:\Users\Aikeck\Desktop\GitHub_project\Zark-Rogue\Zark-Rogue\Inventory.h(7,10): warning C4067: 预处理器指令后有意外标记 - 应输入换行符
C:\Users\Aikeck\Desktop\GitHub_project\Zark-Rogue\Zark-Rogue\creature.h(4,10): warning C4067: 预处理器指令后有意外标记 - 应输入换行符
C:\Users\Aikeck\Desktop\GitHub_project\Zark-Rogue\Zark-Rogue\Inventory.h(8,10): warning C4067: 预处理器指令后有意外标记 - 应输入换行符
C:\Users\Aikeck\Desktop\GitHub_project\Zark-Rogue\Zark-Rogue\Scene.h(7,10): warning C4067: 预处理器指令后有意外标记 - 应输入换行符
C:\Users\Aikeck\Desktop\GitHub_project\Zark-Rogue\Zark-Rogue\Scene.h(8,10): warning C4067: 预处理器指令后有意外标记 - 应输入换行符
C:\Users\Aikeck\Desktop\GitHub_project\Zark-Rogue\Zark-Rogue\Scene.h(9,10): warning C4067: 预处理器指令后有意外标记 - 应输入换行符
C:\Users\Aikeck\Desktop\GitHub_project\Zark-Rogue\Zark-Rogue\Scene.h(10,10): warning C4067: 预处理器指令后有意外标记 - 应输入换行符
C:\Users\Aikeck\Desktop\GitHub_project\Zark-Rogue\Zark-Rogue\Weapon.h(4,10): warning C4067: 预处理器指令后有意外标记 - 应输入换行符
C:\Users\Aikeck\Desktop\GitHub_project\Zark-Rogue\Zark-Rogue\Weapon.h(5,10): warning C4067: 预处理器指令后有意外标记 - 应输入换行符
C:\Users\Aikeck\Desktop\GitHub_project\Zark-Rogue\Zark-Rogue\Inventory.h(9,10): warning C4067: 预处理器指令后有意外标记 - 应输入换行符
C:\Users\Aikeck\Desktop\GitHub_project\Zark-Rogue\Zark-Rogue\Inventory.h(10,10): warning C4067: 预处理器指令后有意外标记 - 应输入换行符
  正在生成代码
  3 of 564 functions ( 0.5%) were compiled, the rest were copied from previous compilation.
    0 functions were new in current compilation
    19 functions had inline decision re-evaluated but remain unchanged
  已完成代码的生成
  Zark-Rogue.vcxproj -> C:\Users\Aikeck\Desktop\GitHub_project\Zark-Rogue\Release\Zark-Rogue.exe
