c:\users\aikeck\desktop\github_project\zark-rogue\zark-rogue\release\vc142.pdb
c:\users\aikeck\desktop\github_project\zark-rogue\zark-rogue\release\main.obj
c:\users\aikeck\desktop\github_project\zark-rogue\zark-rogue\release\world.obj
c:\users\aikeck\desktop\github_project\zark-rogue\zark-rogue\release\item.obj
c:\users\aikeck\desktop\github_project\zark-rogue\zark-rogue\release\inputprocessor.obj
c:\users\aikeck\desktop\github_project\zark-rogue\zark-rogue\release\hero.obj
c:\users\aikeck\desktop\github_project\zark-rogue\zark-rogue\release\weapon.obj
c:\users\aikeck\desktop\github_project\zark-rogue\zark-rogue\release\scene.obj
c:\users\aikeck\desktop\github_project\zark-rogue\zark-rogue\release\inventory.obj
c:\users\aikeck\desktop\github_project\zark-rogue\zark-rogue\release\enemy.obj
c:\users\aikeck\desktop\github_project\zark-rogue\zark-rogue\release\creature.obj
c:\users\aikeck\desktop\github_project\zark-rogue\zark-rogue\release\checkeable.obj
c:\users\aikeck\desktop\github_project\zark-rogue\zark-rogue\release\battlefield.obj
c:\users\aikeck\desktop\github_project\zark-rogue\release\zark-rogue.exe
c:\users\aikeck\desktop\github_project\zark-rogue\zark-rogue\release\zark-rogue.ipdb
c:\users\aikeck\desktop\github_project\zark-rogue\zark-rogue\release\zark-rogue.iobj
c:\users\aikeck\desktop\github_project\zark-rogue\release\zark-rogue.pdb
c:\users\aikeck\desktop\github_project\zark-rogue\zark-rogue\release\zark-rogue.tlog\cl.command.1.tlog
c:\users\aikeck\desktop\github_project\zark-rogue\zark-rogue\release\zark-rogue.tlog\cl.read.1.tlog
c:\users\aikeck\desktop\github_project\zark-rogue\zark-rogue\release\zark-rogue.tlog\cl.write.1.tlog
c:\users\aikeck\desktop\github_project\zark-rogue\zark-rogue\release\zark-rogue.tlog\link.command.1.tlog
c:\users\aikeck\desktop\github_project\zark-rogue\zark-rogue\release\zark-rogue.tlog\link.read.1.tlog
c:\users\aikeck\desktop\github_project\zark-rogue\zark-rogue\release\zark-rogue.tlog\link.write.1.tlog
